2017-07-07 17:46:29,793 [DEBUG] requests.packages.urllib3.connectionpool: Starting new HTTP connection (1): www.xxxfly.faa.gov
2017-07-07 17:46:29,934 [ERROR] root: Failed to get page. ERROR: HTTPConnectionPool(host='www.xxxfly.faa.gov', port=80): Max retries exceeded with url: /flyfaa/usmap.jsp (Caused by NewConnectionError('<requests.packages.urllib3.connection.HTTPConnection object at 0x0381CA90>: Failed to establish a new connection: [Errno 11001] getaddrinfo failed',))
2017-07-07 18:03:32,834 [DEBUG] requests.packages.urllib3.connectionpool: Starting new HTTP connection (1): www.badurlfortesting.com
2017-07-07 18:03:32,917 [ERROR] root: Failed to get page. MEG: HTTPConnectionPool(host='www.badurlfortesting.com', port=80): Max retries exceeded with url: /flyfaa/usmap.jsp (Caused by NewConnectionError('<requests.packages.urllib3.connection.HTTPConnection object at 0x037D8AD0>: Failed to establish a new connection: [Errno 11001] getaddrinfo failed',))
2017-07-07 18:03:47,516 [DEBUG] requests.packages.urllib3.connectionpool: Starting new HTTP connection (1): www.badurlfortesting.com
2017-07-07 18:03:47,519 [ERROR] root: Failed to get page. MEG: HTTPConnectionPool(host='www.badurlfortesting.com', port=80): Max retries exceeded with url: /flyfaa/usmap.jsp (Caused by NewConnectionError('<requests.packages.urllib3.connection.HTTPConnection object at 0x03002410>: Failed to establish a new connection: [Errno 11001] getaddrinfo failed',))
2017-07-07 18:05:00,295 [DEBUG] requests.packages.urllib3.connectionpool: Starting new HTTP connection (1): www.fly.faa.gov
2017-07-07 18:05:00,500 [DEBUG] requests.packages.urllib3.connectionpool: http://www.fly.faa.gov:80 "GET /flyfaa/usmap.jsp HTTP/1.1" 200 8323
2017-07-07 18:05:35,053 [DEBUG] requests.packages.urllib3.connectionpool: Starting new HTTP connection (1): www.fly.faa.gov
2017-07-07 18:05:35,359 [DEBUG] requests.packages.urllib3.connectionpool: http://www.fly.faa.gov:80 "GET /flyfaa/usmap.jsp HTTP/1.1" 200 8323
2017-07-07 18:06:34,681 [DEBUG] requests.packages.urllib3.connectionpool: Starting new HTTP connection (1): www.fly.faa.gov
2017-07-07 18:06:34,878 [DEBUG] requests.packages.urllib3.connectionpool: http://www.fly.faa.gov:80 "GET /flyfaa/usmap.jsp HTTP/1.1" 200 8333
2017-07-07 18:12:55,451 [DEBUG] requests.packages.urllib3.connectionpool: Starting new HTTP connection (1): www.fly.faa.gov
2017-07-07 18:12:55,687 [DEBUG] requests.packages.urllib3.connectionpool: http://www.fly.faa.gov:80 "GET /flyfaa/usmap.jsp HTTP/1.1" 200 8335
2017-07-07 18:13:38,036 [DEBUG] requests.packages.urllib3.connectionpool: Starting new HTTP connection (1): www.fly.faa.gov
2017-07-07 18:13:38,255 [DEBUG] requests.packages.urllib3.connectionpool: http://www.fly.faa.gov:80 "GET /flyfaa/usmap.jsp HTTP/1.1" 200 8333
2017-07-07 18:15:55,052 [DEBUG] requests.packages.urllib3.connectionpool: Starting new HTTP connection (1): www.fly.faa.gov
2017-07-07 18:15:55,395 [DEBUG] requests.packages.urllib3.connectionpool: http://www.fly.faa.gov:80 "GET /flyfaa/usmap.jsp HTTP/1.1" 200 8335
2017-07-07 18:17:04,895 [DEBUG] requests.packages.urllib3.connectionpool: Starting new HTTP connection (1): www.fly.faa.gov
2017-07-07 18:17:05,114 [DEBUG] requests.packages.urllib3.connectionpool: http://www.fly.faa.gov:80 "GET /flyfaa/usmap.jsp HTTP/1.1" 200 8333
2017-07-07 18:17:27,098 [DEBUG] requests.packages.urllib3.connectionpool: Starting new HTTP connection (1): www.fly.faa.gov
2017-07-07 18:17:27,316 [DEBUG] requests.packages.urllib3.connectionpool: http://www.fly.faa.gov:80 "GET /flyfaa/usmap.jsp HTTP/1.1" 200 8335
2017-07-07 18:17:34,677 [DEBUG] requests.packages.urllib3.connectionpool: Starting new HTTP connection (1): www.fly.faa.gov
2017-07-07 18:17:34,723 [DEBUG] requests.packages.urllib3.connectionpool: http://www.fly.faa.gov:80 "GET /flyfaa/usmap.jsp HTTP/1.1" 200 8333
2017-07-07 18:18:50,177 [DEBUG] requests.packages.urllib3.connectionpool: Starting new HTTP connection (1): www.fly.faa.gov
2017-07-07 18:18:50,427 [DEBUG] requests.packages.urllib3.connectionpool: http://www.fly.faa.gov:80 "GET /flyfaa/usmap.jsp HTTP/1.1" 200 8335
2017-07-07 18:18:57,973 [DEBUG] requests.packages.urllib3.connectionpool: Starting new HTTP connection (1): www.fly.faa.gov
2017-07-07 18:18:58,020 [DEBUG] requests.packages.urllib3.connectionpool: http://www.fly.faa.gov:80 "GET /flyfaa/usmap.jsp HTTP/1.1" 200 8333
2017-07-07 18:19:25,443 [DEBUG] requests.packages.urllib3.connectionpool: Starting new HTTP connection (1): www.fly.faa.gov
2017-07-07 18:19:25,598 [DEBUG] requests.packages.urllib3.connectionpool: http://www.fly.faa.gov:80 "GET /flyfaa/usmap.jsp HTTP/1.1" 200 8335
2017-07-07 18:20:55,473 [DEBUG] requests.packages.urllib3.connectionpool: Starting new HTTP connection (1): www.fly.faa.gov
2017-07-07 18:20:55,691 [DEBUG] requests.packages.urllib3.connectionpool: http://www.fly.faa.gov:80 "GET /flyfaa/usmap.jsp HTTP/1.1" 200 8355
2017-07-07 18:30:20,180 [DEBUG] requests.packages.urllib3.connectionpool: Starting new HTTP connection (1): www.fly.faa.gov
2017-07-07 18:30:20,476 [DEBUG] requests.packages.urllib3.connectionpool: http://www.fly.faa.gov:80 "GET /flyfaa/usmap.jsp HTTP/1.1" 200 8418
2017-07-07 18:30:50,079 [DEBUG] requests.packages.urllib3.connectionpool: Starting new HTTP connection (1): www.fly.faa.gov
2017-07-07 18:30:50,301 [DEBUG] requests.packages.urllib3.connectionpool: http://www.fly.faa.gov:80 "GET /flyfaa/usmap.jsp HTTP/1.1" 200 8418
2017-07-07 18:37:45,895 [DEBUG] requests.packages.urllib3.connectionpool: Starting new HTTP connection (1): www.fly.faa.gov
2017-07-07 18:37:46,371 [DEBUG] requests.packages.urllib3.connectionpool: http://www.fly.faa.gov:80 "GET /flyfaa/usmap.jsp HTTP/1.1" 200 8416
2017-07-07 18:39:08,071 [DEBUG] requests.packages.urllib3.connectionpool: Starting new HTTP connection (1): www.fly.faa.gov
2017-07-07 18:39:08,257 [DEBUG] requests.packages.urllib3.connectionpool: http://www.fly.faa.gov:80 "GET /flyfaa/usmap.jsp HTTP/1.1" 200 8414
2017-07-07 18:39:35,533 [DEBUG] requests.packages.urllib3.connectionpool: Starting new HTTP connection (1): www.fly.faa.gov
2017-07-07 18:39:35,762 [DEBUG] requests.packages.urllib3.connectionpool: http://www.fly.faa.gov:80 "GET /flyfaa/usmap.jsp HTTP/1.1" 200 8414
2017-07-07 18:42:43,105 [DEBUG] requests.packages.urllib3.connectionpool: Starting new HTTP connection (1): www.fly.faa.gov
2017-07-07 18:42:43,467 [DEBUG] requests.packages.urllib3.connectionpool: http://www.fly.faa.gov:80 "GET /flyfaa/usmap.jsp HTTP/1.1" 200 8414
2017-07-07 18:46:29,492 [DEBUG] requests.packages.urllib3.connectionpool: Starting new HTTP connection (1): www.fly.faa.gov
2017-07-07 18:46:29,677 [DEBUG] requests.packages.urllib3.connectionpool: http://www.fly.faa.gov:80 "GET /flyfaa/usmap.jsp HTTP/1.1" 200 8414
2017-07-07 18:47:51,882 [DEBUG] requests.packages.urllib3.connectionpool: Starting new HTTP connection (1): www.fly.faa.gov
2017-07-07 18:47:52,164 [DEBUG] requests.packages.urllib3.connectionpool: http://www.fly.faa.gov:80 "GET /flyfaa/usmap.jsp HTTP/1.1" 200 8414
2017-07-07 18:48:35,582 [DEBUG] requests.packages.urllib3.connectionpool: Starting new HTTP connection (1): www.fly.faa.gov
2017-07-07 18:48:35,792 [DEBUG] requests.packages.urllib3.connectionpool: http://www.fly.faa.gov:80 "GET /flyfaa/usmap.jsp HTTP/1.1" 200 8414
2017-07-07 18:48:49,176 [DEBUG] requests.packages.urllib3.connectionpool: Starting new HTTP connection (1): www.fly.faa.gov
2017-07-07 18:48:49,332 [DEBUG] requests.packages.urllib3.connectionpool: http://www.fly.faa.gov:80 "GET /flyfaa/usmap.jsp HTTP/1.1" 200 8414
2017-07-07 18:50:59,302 [DEBUG] requests.packages.urllib3.connectionpool: Starting new HTTP connection (1): www.fly.faa.gov
2017-07-07 18:50:59,555 [DEBUG] requests.packages.urllib3.connectionpool: http://www.fly.faa.gov:80 "GET /flyfaa/usmap.jsp HTTP/1.1" 200 8414
2017-07-07 18:53:23,762 [DEBUG] requests.packages.urllib3.connectionpool: Starting new HTTP connection (1): www.fly.faa.gov
2017-07-07 18:53:24,112 [DEBUG] requests.packages.urllib3.connectionpool: http://www.fly.faa.gov:80 "GET /flyfaa/usmap.jsp HTTP/1.1" 200 8414
2017-07-07 18:56:45,273 [DEBUG] requests.packages.urllib3.connectionpool: Starting new HTTP connection (1): www.fly.faa.gov
2017-07-07 18:56:45,461 [DEBUG] requests.packages.urllib3.connectionpool: http://www.fly.faa.gov:80 "GET /flyfaa/usmap.jsp HTTP/1.1" 200 8437
2017-07-07 18:59:16,255 [DEBUG] requests.packages.urllib3.connectionpool: Starting new HTTP connection (1): www.fly.faa.gov
2017-07-07 18:59:16,453 [DEBUG] requests.packages.urllib3.connectionpool: http://www.fly.faa.gov:80 "GET /flyfaa/usmap.jsp HTTP/1.1" 200 8437
2017-07-07 19:12:08,615 [DEBUG] requests.packages.urllib3.connectionpool: Starting new HTTP connection (1): www.fly.faa.gov
2017-07-07 19:12:08,911 [DEBUG] requests.packages.urllib3.connectionpool: http://www.fly.faa.gov:80 "GET /flyfaa/usmap.jsp HTTP/1.1" 200 8434
2017-07-07 19:20:07,677 [DEBUG] requests.packages.urllib3.connectionpool: Starting new HTTP connection (1): www.fly.faa.gov
2017-07-07 19:20:07,927 [DEBUG] requests.packages.urllib3.connectionpool: http://www.fly.faa.gov:80 "GET /flyfaa/usmap.jsp HTTP/1.1" 200 8435
2017-07-07 19:22:44,318 [DEBUG] requests.packages.urllib3.connectionpool: Starting new HTTP connection (1): www.fly.faa.gov
2017-07-07 19:22:44,505 [DEBUG] requests.packages.urllib3.connectionpool: http://www.fly.faa.gov:80 "GET /flyfaa/usmap.jsp HTTP/1.1" 200 8443
2017-07-07 20:28:37,694 [DEBUG] requests.packages.urllib3.connectionpool: Starting new HTTP connection (1): www.fly.faa.gov
2017-07-07 20:28:37,802 [DEBUG] requests.packages.urllib3.connectionpool: http://www.fly.faa.gov:80 "GET /flyfaa/usmap.jsp HTTP/1.1" 200 8505
2017-07-07 20:34:50,210 [DEBUG] requests.packages.urllib3.connectionpool: Starting new HTTP connection (1): www.fly.faa.gov
2017-07-07 20:34:50,303 [DEBUG] requests.packages.urllib3.connectionpool: http://www.fly.faa.gov:80 "GET /flyfaa/usmap.jsp HTTP/1.1" 200 8484
2017-07-07 20:40:24,131 [DEBUG] requests.packages.urllib3.connectionpool: Starting new HTTP connection (1): www.fly.faa.gov
2017-07-07 20:40:24,224 [DEBUG] requests.packages.urllib3.connectionpool: http://www.fly.faa.gov:80 "GET /flyfaa/usmap.jsp HTTP/1.1" 200 8515
2017-07-07 20:40:45,273 [DEBUG] requests.packages.urllib3.connectionpool: Starting new HTTP connection (1): www.fly.faa.gov
2017-07-07 20:40:45,553 [DEBUG] requests.packages.urllib3.connectionpool: http://www.fly.faa.gov:80 "GET /flyfaa/usmap.jsp HTTP/1.1" 200 8515
2017-07-07 20:41:41,319 [DEBUG] requests.packages.urllib3.connectionpool: Starting new HTTP connection (1): www.fly.faa.gov
2017-07-07 20:41:41,552 [DEBUG] requests.packages.urllib3.connectionpool: http://www.fly.faa.gov:80 "GET /flyfaa/usmap.jsp HTTP/1.1" 200 8515
2017-07-07 20:48:24,367 [DEBUG] requests.packages.urllib3.connectionpool: Starting new HTTP connection (1): www.fly.faa.gov
2017-07-07 20:48:24,444 [DEBUG] requests.packages.urllib3.connectionpool: http://www.fly.faa.gov:80 "GET /flyfaa/usmap.jsp HTTP/1.1" 200 8512
2017-07-07 20:49:02,381 [DEBUG] requests.packages.urllib3.connectionpool: Starting new HTTP connection (1): www.fly.faa.gov
2017-07-07 20:49:02,476 [DEBUG] requests.packages.urllib3.connectionpool: http://www.fly.faa.gov:80 "GET /flyfaa/usmap.jsp HTTP/1.1" 200 8512
2017-07-07 20:58:29,492 [DEBUG] requests.packages.urllib3.connectionpool: Starting new HTTP connection (1): www.fly.faa.gov
2017-07-07 20:58:29,668 [DEBUG] requests.packages.urllib3.connectionpool: http://www.fly.faa.gov:80 "GET /flyfaa/usmap.jsp HTTP/1.1" 200 8493
